<?xml version="1.0" encoding="UTF-8"?>
<robot generator="Robot 5.0 (Python 3.10.4 on darwin)" generated="20220430 13:47:11.020" rpa="false" schemaversion="3">
<suite id="s1" name="AmazonLogin" source="/Users/celestibhandari/PycharmProjects/robotFrameworkTestSuite/tests/product 1/AmazonLogin.robot">
<test id="s1-t1" name="Open facebook" line="9">
<kw name="Open Browser" library="SeleniumLibrary">
<arg>http://www.amazon.com</arg>
<arg>Chrome</arg>
<doc>Opens a new browser instance to the optional ``url``.</doc>
<msg timestamp="20220430 13:47:11.393" level="INFO">Opening browser 'Chrome' to base url 'http://www.amazon.com'.</msg>
<status status="PASS" starttime="20220430 13:47:11.392" endtime="20220430 13:47:17.741"/>
</kw>
<kw name="Close Browser" library="SeleniumLibrary">
<doc>Closes the current browser.</doc>
<status status="PASS" starttime="20220430 13:47:17.742" endtime="20220430 13:47:17.901"/>
</kw>
<doc>This is some basic information about tests</doc>
<tag>Smoke</tag>
<status status="PASS" starttime="20220430 13:47:11.391" endtime="20220430 13:47:17.902"/>
</test>
<doc>This is some basic information</doc>
<status status="PASS" starttime="20220430 13:47:11.022" endtime="20220430 13:47:17.904"/>
</suite>
<statistics>
<total>
<stat pass="1" fail="0" skip="0">All Tests</stat>
</total>
<tag>
<stat pass="1" fail="0" skip="0">Smoke</stat>
</tag>
<suite>
<stat pass="1" fail="0" skip="0" id="s1" name="AmazonLogin">AmazonLogin</stat>
</suite>
</statistics>
<errors>
</errors>
</robot>
